<?xml version="1.0" encoding="utf-8"?><testsuites name="pytest tests"><testsuite name="pytest" errors="0" failures="1" skipped="0" tests="11" time="9.980" timestamp="2026-08-04T02:43:18.182787+00:00" hostname="agent-env-492be981-d952-4e64-96ff-deb48c1b0855"><testcase classname="tests.backend_test" name="test_login_and_me" time="0.580" /><testcase classname="tests.backend_test" name="test_login_bad_password" time="0.362" /><testcase classname="tests.backend_test" name="test_register_new_contractor" time="0.338" /><testcase classname="tests.backend_test" name="test_compliance_documents" time="0.051" /><testcase classname="tests.backend_test" name="test_dashboard_stats" time="0.051" /><testcase classname="tests.backend_test" name="test_invite_subcontractor" time="0.162"><failure message="AssertionError: Internal Server Error&#10;assert 500 == 200&#10; +  where 500 = &lt;Response [500]&gt;.status_code">backend/tests/backend_test.py:74: in test_invite_subcontractor
    assert r.status_code == 200, r.text
E   AssertionError: Internal Server Error
E   assert 500 == 200
E    +  where 500 = &lt;Response [500]&gt;.status_code</failure></testcase><testcase classname="tests.backend_test" name="test_upload_ai_parsing" time="5.136" /><testcase classname="tests.backend_test" name="test_cron_expirations" time="0.423" /><testcase classname="tests.backend_test" name="test_prospecting_and_prospects" time="0.195" /><testcase classname="tests.backend_test" name="test_prospect_invalid_status" time="0.097" /><testcase classname="tests.backend_test" name="test_stripe_checkout" time="2.055" /></testsuite></testsuites>